<?xml version="1.0" encoding="UTF-8"?>
<!-- Generated by org.testng.reporters.JUnitReportReporter -->
<testsuite hostname="LTIN275168" failures="0" tests="6" name="testCases.TestCases" time="28.463" errors="0" timestamp="2024-03-04T15:47:36 IST" skipped="0">
  <testcase classname="testCases.TestCases" name="closeWelcomePopUp" time="4.919"/>
  <testcase classname="testCases.TestCases" name="locationInput" time="2.646"/>
  <testcase classname="testCases.TestCases" name="searchCarWashService" time="2.671"/>
  <testcase classname="testCases.TestCases" name="getCarWashingServiceandPhone" time="8.201"/>
  <testcase classname="testCases.TestCases" name="freeListingValidation" time="2.849"/>
  <testcase classname="testCases.TestCases" name="getGymSubMenuList" time="7.177"/>
</testsuite> <!-- testCases.TestCases -->
