<?xml version="1.0" encoding="UTF-8"?>
<!-- Generated by org.testng.reporters.JUnitReportReporter -->
<testsuite hostname="LTIN273654" failures="0" tests="6" name="testCases.TestCase" time="144.773" errors="0" timestamp="2024-02-21T11:19:06 IST" skipped="0">
  <testcase classname="testCases.TestCase" name="closeWelcomePopUp" time="3.545"/>
  <system-out/>
  <testcase classname="testCases.TestCase" name="locationInput" time="2.602"/>
  <system-out/>
  <testcase classname="testCases.TestCase" name="searchCarWashService" time="7.910"/>
  <system-out/>
  <testcase classname="testCases.TestCase" name="getCarWashingServiceandPhone" time="6.233"/>
  <system-out/>
  <testcase classname="testCases.TestCase" name="freeListingValidation" time="80.298"/>
  <system-out/>
  <testcase classname="testCases.TestCase" name="getGymSubMenuList" time="44.185"/>
  <system-out/>
</testsuite> <!-- testCases.TestCase -->
