<?xml version="1.0" encoding="UTF-8"?>
<!-- Generated by org.testng.reporters.JUnitReportReporter -->
<testsuite hostname="LTIN275168" failures="0" tests="6" name="testCases.TestCases" time="33.255" errors="0" timestamp="2024-03-04T17:18:11 IST" skipped="0">
  <testcase classname="testCases.TestCases" name="closeWelcomePopUp" time="5.505"/>
  <system-out/>
  <testcase classname="testCases.TestCases" name="locationInput" time="3.239"/>
  <system-out/>
  <testcase classname="testCases.TestCases" name="searchCarWashService" time="3.033"/>
  <system-out/>
  <testcase classname="testCases.TestCases" name="getCarWashingServiceandPhone" time="10.951"/>
  <system-out/>
  <testcase classname="testCases.TestCases" name="freeListingValidation" time="3.321"/>
  <system-out/>
  <testcase classname="testCases.TestCases" name="getGymSubMenuList" time="7.206"/>
  <system-out/>
</testsuite> <!-- testCases.TestCases -->
