<?xml version="1.0" encoding="UTF-8"?>
<!-- Generated by org.testng.reporters.JUnitReportReporter -->
<testsuite hostname="LTIN275168" failures="0" tests="6" name="testCases.TestCases" time="46.189" errors="0" timestamp="2024-03-19T16:16:12 IST" skipped="0">
  <testcase classname="testCases.TestCases" name="closeWelcomePopUp" time="6.122"/>
  <system-out/>
  <testcase classname="testCases.TestCases" name="locationInput" time="2.477"/>
  <system-out/>
  <testcase classname="testCases.TestCases" name="searchCarWashService" time="2.760"/>
  <system-out/>
  <testcase classname="testCases.TestCases" name="getCarWashingServiceandPhone" time="9.149"/>
  <system-out/>
  <testcase classname="testCases.TestCases" name="freeListingValidation" time="18.767"/>
  <system-out/>
  <testcase classname="testCases.TestCases" name="getGymSubMenuList" time="6.914"/>
  <system-out/>
</testsuite> <!-- testCases.TestCases -->
